2021-08-17 10:19:44,888 INFO org.apache.catalina.core.ContainerBase.[Tomcat].[localhost].[/] [http-nio-8080-exec-2] Initializing Spring DispatcherServlet 'dispatcherServlet'
2021-08-17 10:19:44,888 INFO org.springframework.web.servlet.DispatcherServlet [http-nio-8080-exec-2] Initializing Servlet 'dispatcherServlet'
2021-08-17 10:19:44,890 INFO org.springframework.web.servlet.DispatcherServlet [http-nio-8080-exec-2] Completed initialization in 2 ms
2021-08-17 10:19:49,061 DEBUG com.example.demo.filter.FilterLogger [http-nio-8080-exec-2] GET /books 37c15771-f618-4ee9-b2a0-d2e38ec07842
2021-08-17 10:19:49,991 DEBUG org.hibernate.SQL [http-nio-8080-exec-2] select book0_.id as id1_0_, book0_.name as name2_0_ from book book0_
2021-08-17 10:19:49,995 INFO com.example.demo.aop.AspectLogger [http-nio-8080-exec-2] Execution time of BookServiceImpl.retrieveBooks :: 23 ms 37c15771-f618-4ee9-b2a0-d2e38ec07842
2021-08-17 10:19:50,000 INFO org.hibernate.engine.internal.StatisticalLoggingSessionEventListener [http-nio-8080-exec-2] Session Metrics {
    235700 nanoseconds spent acquiring 1 JDBC connections;
    0 nanoseconds spent releasing 0 JDBC connections;
    318701 nanoseconds spent preparing 1 JDBC statements;
    284599 nanoseconds spent executing 1 JDBC statements;
    0 nanoseconds spent executing 0 JDBC batches;
    0 nanoseconds spent performing 0 L2C puts;
    0 nanoseconds spent performing 0 L2C hits;
    0 nanoseconds spent performing 0 L2C misses;
    0 nanoseconds spent executing 0 flushes (flushing a total of 0 entities and 0 collections);
    10900 nanoseconds spent executing 1 partial-flushes (flushing a total of 0 entities and 0 collections)
}
2021-08-17 10:19:50,001 DEBUG com.example.demo.filter.FilterLogger [http-nio-8080-exec-2] [{"id":1,"name":"The Tartar Steppe"},{"id":2,"name":"Poem Strip"},{"id":3,"name":"Restless Nights: Selected Stories of Dino Buzzati"}] 37c15771-f618-4ee9-b2a0-d2e38ec07842
2021-08-17 10:21:36,128 INFO org.springframework.scheduling.concurrent.ThreadPoolTaskExecutor [Thread-29] Shutting down ExecutorService 'applicationTaskExecutor'
2021-08-17 10:21:36,129 INFO org.springframework.orm.jpa.LocalContainerEntityManagerFactoryBean [Thread-29] Closing JPA EntityManagerFactory for persistence unit 'default'
2021-08-17 10:21:36,129 INFO org.hibernate.tool.schema.internal.SchemaDropperImpl$DelayedDropActionImpl [Thread-29] HHH000477: Starting delayed evictData of schema as part of SessionFactory shut-down'
2021-08-17 10:21:36,129 DEBUG org.hibernate.SQL [Thread-29] drop table if exists book CASCADE 
2021-08-17 10:21:36,131 DEBUG org.hibernate.SQL [Thread-29] drop sequence if exists hibernate_sequence
2021-08-17 10:21:36,344 WARN org.springframework.beans.factory.support.DisposableBeanAdapter [Thread-29] Invocation of destroy method failed on bean with name 'inMemoryDatabaseShutdownExecutor': org.h2.jdbc.JdbcSQLNonTransientConnectionException: Database is already closed (to disable automatic closing at VM shutdown, add ";DB_CLOSE_ON_EXIT=FALSE" to the db URL) [90121-200]
2021-08-17 10:21:36,345 INFO com.zaxxer.hikari.HikariDataSource [Thread-29] HikariPool-6 - Shutdown initiated...
2021-08-17 10:21:36,356 INFO com.zaxxer.hikari.HikariDataSource [Thread-29] HikariPool-6 - Shutdown completed.
2021-08-17 10:21:36,521 INFO com.example.demo.DemoApplication [restartedMain] Starting DemoApplication using Java 11.0.2 on LAPTOP-25JFQA77 with PID 5564 (C:\Users\rezed\git\credit-store-server-1\target\classes started by rezed in C:\Users\rezed\git\credit-store-server-1)
2021-08-17 10:21:36,522 DEBUG com.example.demo.DemoApplication [restartedMain] Running with Spring Boot v2.4.2, Spring v5.3.3
2021-08-17 10:21:36,522 INFO com.example.demo.DemoApplication [restartedMain] No active profile set, falling back to default profiles: default
2021-08-17 10:21:36,749 INFO org.springframework.data.repository.config.RepositoryConfigurationDelegate [restartedMain] Multiple Spring Data modules found, entering strict repository configuration mode!
2021-08-17 10:21:36,750 INFO org.springframework.data.repository.config.RepositoryConfigurationDelegate [restartedMain] Bootstrapping Spring Data JPA repositories in DEFAULT mode.
2021-08-17 10:21:36,764 INFO org.springframework.data.repository.config.RepositoryConfigurationDelegate [restartedMain] Finished Spring Data repository scanning in 14 ms. Found 1 JPA repository interfaces.
2021-08-17 10:21:36,770 INFO org.springframework.data.repository.config.RepositoryConfigurationDelegate [restartedMain] Multiple Spring Data modules found, entering strict repository configuration mode!
2021-08-17 10:21:36,770 INFO org.springframework.data.repository.config.RepositoryConfigurationDelegate [restartedMain] Bootstrapping Spring Data MongoDB repositories in DEFAULT mode.
2021-08-17 10:21:36,775 INFO org.springframework.data.repository.config.RepositoryConfigurationExtensionSupport [restartedMain] Spring Data MongoDB - Could not safely identify store assignment for repository candidate interface com.example.demo.repo.BookRepository. If you want this repository to be a MongoDB repository, consider annotating your entities with one of these annotations: org.springframework.data.mongodb.core.mapping.Document (preferred), or consider extending one of the following types with your repository: org.springframework.data.mongodb.repository.MongoRepository.
2021-08-17 10:21:36,775 INFO org.springframework.data.repository.config.RepositoryConfigurationDelegate [restartedMain] Finished Spring Data repository scanning in 4 ms. Found 0 MongoDB repository interfaces.
2021-08-17 10:21:36,934 INFO org.springframework.boot.web.embedded.tomcat.TomcatWebServer [restartedMain] Tomcat initialized with port(s): 8080 (http)
2021-08-17 10:21:36,935 INFO org.apache.coyote.http11.Http11NioProtocol [restartedMain] Initializing ProtocolHandler ["http-nio-8080"]
2021-08-17 10:21:36,935 INFO org.apache.catalina.core.StandardService [restartedMain] Starting service [Tomcat]
2021-08-17 10:21:36,936 INFO org.apache.catalina.core.StandardEngine [restartedMain] Starting Servlet engine: [Apache Tomcat/9.0.41]
2021-08-17 10:21:37,036 INFO org.apache.catalina.core.ContainerBase.[Tomcat].[localhost].[/] [restartedMain] Initializing Spring embedded WebApplicationContext
2021-08-17 10:21:37,036 INFO org.springframework.boot.web.servlet.context.ServletWebServerApplicationContext [restartedMain] Root WebApplicationContext: initialization completed in 509 ms
2021-08-17 10:21:37,069 INFO com.zaxxer.hikari.HikariDataSource [restartedMain] HikariPool-7 - Starting...
2021-08-17 10:21:37,072 INFO com.zaxxer.hikari.HikariDataSource [restartedMain] HikariPool-7 - Start completed.
2021-08-17 10:21:37,072 INFO org.springframework.boot.autoconfigure.h2.H2ConsoleAutoConfiguration [restartedMain] H2 console available at '/h2-console'. Database available at 'jdbc:h2:mem:testdb'
2021-08-17 10:21:37,145 INFO org.hibernate.jpa.internal.util.LogHelper [restartedMain] HHH000204: Processing PersistenceUnitInfo [name: default]
2021-08-17 10:21:37,153 INFO org.hibernate.dialect.Dialect [restartedMain] HHH000400: Using dialect: org.hibernate.dialect.H2Dialect
2021-08-17 10:21:37,182 DEBUG org.hibernate.SQL [restartedMain] drop table if exists book CASCADE 
2021-08-17 10:21:37,182 DEBUG org.hibernate.SQL [restartedMain] drop sequence if exists hibernate_sequence
2021-08-17 10:21:37,182 DEBUG org.hibernate.SQL [restartedMain] create sequence hibernate_sequence start with 1 increment by 1
2021-08-17 10:21:37,183 DEBUG org.hibernate.SQL [restartedMain] create table book (id bigint not null, name varchar(255), primary key (id))
2021-08-17 10:21:37,184 INFO org.hibernate.tool.schema.internal.SchemaCreatorImpl [restartedMain] HHH000476: Executing import script 'file:/C:/Users/rezed/git/credit-store-server-1/target/classes/import.sql'
2021-08-17 10:21:37,185 DEBUG org.hibernate.SQL [restartedMain] insert into book values(1, 'The Tartar Steppe')
2021-08-17 10:21:37,185 DEBUG org.hibernate.SQL [restartedMain] insert into book values(2, 'Poem Strip')
2021-08-17 10:21:37,185 DEBUG org.hibernate.SQL [restartedMain] insert into book values(3, 'Restless Nights: Selected Stories of Dino Buzzati')
2021-08-17 10:21:37,186 INFO org.hibernate.engine.transaction.jta.platform.internal.JtaPlatformInitiator [restartedMain] HHH000490: Using JtaPlatform implementation: [org.hibernate.engine.transaction.jta.platform.internal.NoJtaPlatform]
2021-08-17 10:21:37,186 INFO org.springframework.orm.jpa.LocalContainerEntityManagerFactoryBean [restartedMain] Initialized JPA EntityManagerFactory for persistence unit 'default'
2021-08-17 10:21:37,228 INFO org.springframework.boot.devtools.autoconfigure.OptionalLiveReloadServer [restartedMain] LiveReload server is running on port 35729
2021-08-17 10:21:37,315 INFO org.hibernate.engine.internal.StatisticalLoggingSessionEventListener [restartedMain] Session Metrics {
    0 nanoseconds spent acquiring 0 JDBC connections;
    0 nanoseconds spent releasing 0 JDBC connections;
    0 nanoseconds spent preparing 0 JDBC statements;
    0 nanoseconds spent executing 0 JDBC statements;
    0 nanoseconds spent executing 0 JDBC batches;
    0 nanoseconds spent performing 0 L2C puts;
    0 nanoseconds spent performing 0 L2C hits;
    0 nanoseconds spent performing 0 L2C misses;
    0 nanoseconds spent executing 0 flushes (flushing a total of 0 entities and 0 collections);
    0 nanoseconds spent executing 0 partial-flushes (flushing a total of 0 entities and 0 collections)
}
2021-08-17 10:21:37,321 INFO org.hibernate.engine.internal.StatisticalLoggingSessionEventListener [restartedMain] Session Metrics {
    0 nanoseconds spent acquiring 0 JDBC connections;
    0 nanoseconds spent releasing 0 JDBC connections;
    0 nanoseconds spent preparing 0 JDBC statements;
    0 nanoseconds spent executing 0 JDBC statements;
    0 nanoseconds spent executing 0 JDBC batches;
    0 nanoseconds spent performing 0 L2C puts;
    0 nanoseconds spent performing 0 L2C hits;
    0 nanoseconds spent performing 0 L2C misses;
    0 nanoseconds spent executing 0 flushes (flushing a total of 0 entities and 0 collections);
    0 nanoseconds spent executing 0 partial-flushes (flushing a total of 0 entities and 0 collections)
}
2021-08-17 10:21:37,391 WARN org.springframework.boot.autoconfigure.orm.jpa.JpaBaseConfiguration$JpaWebConfiguration [restartedMain] spring.jpa.open-in-view is enabled by default. Therefore, database queries may be performed during view rendering. Explicitly configure spring.jpa.open-in-view to disable this warning
2021-08-17 10:21:37,515 INFO org.springframework.scheduling.concurrent.ThreadPoolTaskExecutor [restartedMain] Initializing ExecutorService 'applicationTaskExecutor'
2021-08-17 10:21:37,621 INFO org.mongodb.driver.cluster [restartedMain] Cluster created with settings {hosts=[localhost:27017], mode=SINGLE, requiredClusterType=UNKNOWN, serverSelectionTimeout='30000 ms'}
2021-08-17 10:21:37,636 INFO org.mongodb.driver.connection [cluster-rtt-ClusterId{value='611b6381dff45e0bf6bb9d72', description='null'}-localhost:27017] Opened connection [connectionId{localValue:13, serverValue:42}] to localhost:27017
2021-08-17 10:21:37,637 INFO org.mongodb.driver.connection [cluster-ClusterId{value='611b6381dff45e0bf6bb9d72', description='null'}-localhost:27017] Opened connection [connectionId{localValue:14, serverValue:41}] to localhost:27017
2021-08-17 10:21:37,637 INFO org.mongodb.driver.cluster [cluster-ClusterId{value='611b6381dff45e0bf6bb9d72', description='null'}-localhost:27017] Monitor thread successfully connected to server with description ServerDescription{address=localhost:27017, type=STANDALONE, state=CONNECTED, ok=true, minWireVersion=0, maxWireVersion=9, maxDocumentSize=16777216, logicalSessionTimeoutMinutes=30, roundTripTimeNanos=11838900}
2021-08-17 10:21:37,772 INFO org.apache.coyote.http11.Http11NioProtocol [restartedMain] Starting ProtocolHandler ["http-nio-8080"]
2021-08-17 10:21:37,776 INFO org.springframework.boot.web.embedded.tomcat.TomcatWebServer [restartedMain] Tomcat started on port(s): 8080 (http) with context path ''
2021-08-17 10:21:37,781 INFO com.example.demo.DemoApplication [restartedMain] Started DemoApplication in 1.329 seconds (JVM running for 638.048)
2021-08-17 10:21:37,783 INFO org.springframework.boot.devtools.autoconfigure.ConditionEvaluationDeltaLoggingListener [restartedMain] Condition evaluation unchanged
2021-08-17 10:22:47,920 INFO org.springframework.scheduling.concurrent.ThreadPoolTaskExecutor [Thread-34] Shutting down ExecutorService 'applicationTaskExecutor'
2021-08-17 10:22:47,921 INFO org.springframework.orm.jpa.LocalContainerEntityManagerFactoryBean [Thread-34] Closing JPA EntityManagerFactory for persistence unit 'default'
2021-08-17 10:22:47,922 INFO org.hibernate.tool.schema.internal.SchemaDropperImpl$DelayedDropActionImpl [Thread-34] HHH000477: Starting delayed evictData of schema as part of SessionFactory shut-down'
2021-08-17 10:22:47,922 DEBUG org.hibernate.SQL [Thread-34] drop table if exists book CASCADE 
2021-08-17 10:22:47,924 DEBUG org.hibernate.SQL [Thread-34] drop sequence if exists hibernate_sequence
2021-08-17 10:22:48,132 WARN org.springframework.beans.factory.support.DisposableBeanAdapter [Thread-34] Invocation of destroy method failed on bean with name 'inMemoryDatabaseShutdownExecutor': org.h2.jdbc.JdbcSQLNonTransientConnectionException: Database is already closed (to disable automatic closing at VM shutdown, add ";DB_CLOSE_ON_EXIT=FALSE" to the db URL) [90121-200]
2021-08-17 10:22:48,133 INFO com.zaxxer.hikari.HikariDataSource [Thread-34] HikariPool-7 - Shutdown initiated...
2021-08-17 10:22:48,139 INFO com.zaxxer.hikari.HikariDataSource [Thread-34] HikariPool-7 - Shutdown completed.
2021-08-17 10:22:48,306 INFO com.example.demo.DemoApplication [restartedMain] Starting DemoApplication using Java 11.0.2 on LAPTOP-25JFQA77 with PID 5564 (C:\Users\rezed\git\credit-store-server-1\target\classes started by rezed in C:\Users\rezed\git\credit-store-server-1)
2021-08-17 10:22:48,306 DEBUG com.example.demo.DemoApplication [restartedMain] Running with Spring Boot v2.4.2, Spring v5.3.3
2021-08-17 10:22:48,306 INFO com.example.demo.DemoApplication [restartedMain] No active profile set, falling back to default profiles: default
2021-08-17 10:22:48,566 INFO org.springframework.data.repository.config.RepositoryConfigurationDelegate [restartedMain] Multiple Spring Data modules found, entering strict repository configuration mode!
2021-08-17 10:22:48,566 INFO org.springframework.data.repository.config.RepositoryConfigurationDelegate [restartedMain] Bootstrapping Spring Data JPA repositories in DEFAULT mode.
2021-08-17 10:22:48,582 INFO org.springframework.data.repository.config.RepositoryConfigurationDelegate [restartedMain] Finished Spring Data repository scanning in 15 ms. Found 1 JPA repository interfaces.
2021-08-17 10:22:48,590 INFO org.springframework.data.repository.config.RepositoryConfigurationDelegate [restartedMain] Multiple Spring Data modules found, entering strict repository configuration mode!
2021-08-17 10:22:48,590 INFO org.springframework.data.repository.config.RepositoryConfigurationDelegate [restartedMain] Bootstrapping Spring Data MongoDB repositories in DEFAULT mode.
2021-08-17 10:22:48,595 INFO org.springframework.data.repository.config.RepositoryConfigurationExtensionSupport [restartedMain] Spring Data MongoDB - Could not safely identify store assignment for repository candidate interface com.example.demo.repo.BookRepository. If you want this repository to be a MongoDB repository, consider annotating your entities with one of these annotations: org.springframework.data.mongodb.core.mapping.Document (preferred), or consider extending one of the following types with your repository: org.springframework.data.mongodb.repository.MongoRepository.
2021-08-17 10:22:48,595 INFO org.springframework.data.repository.config.RepositoryConfigurationDelegate [restartedMain] Finished Spring Data repository scanning in 5 ms. Found 0 MongoDB repository interfaces.
2021-08-17 10:22:48,829 INFO org.springframework.boot.web.embedded.tomcat.TomcatWebServer [restartedMain] Tomcat initialized with port(s): 8080 (http)
2021-08-17 10:22:48,831 INFO org.apache.coyote.http11.Http11NioProtocol [restartedMain] Initializing ProtocolHandler ["http-nio-8080"]
2021-08-17 10:22:48,831 INFO org.apache.catalina.core.StandardService [restartedMain] Starting service [Tomcat]
2021-08-17 10:22:48,832 INFO org.apache.catalina.core.StandardEngine [restartedMain] Starting Servlet engine: [Apache Tomcat/9.0.41]
2021-08-17 10:22:48,887 INFO org.apache.catalina.core.ContainerBase.[Tomcat].[localhost].[/] [restartedMain] Initializing Spring embedded WebApplicationContext
2021-08-17 10:22:48,888 INFO org.springframework.boot.web.servlet.context.ServletWebServerApplicationContext [restartedMain] Root WebApplicationContext: initialization completed in 576 ms
2021-08-17 10:22:48,944 INFO com.zaxxer.hikari.HikariDataSource [restartedMain] HikariPool-8 - Starting...
2021-08-17 10:22:48,949 INFO com.zaxxer.hikari.HikariDataSource [restartedMain] HikariPool-8 - Start completed.
2021-08-17 10:22:48,949 INFO org.springframework.boot.autoconfigure.h2.H2ConsoleAutoConfiguration [restartedMain] H2 console available at '/h2-console'. Database available at 'jdbc:h2:mem:testdb'
2021-08-17 10:22:49,040 INFO org.hibernate.jpa.internal.util.LogHelper [restartedMain] HHH000204: Processing PersistenceUnitInfo [name: default]
2021-08-17 10:22:49,048 INFO org.hibernate.dialect.Dialect [restartedMain] HHH000400: Using dialect: org.hibernate.dialect.H2Dialect
2021-08-17 10:22:49,079 DEBUG org.hibernate.SQL [restartedMain] drop table if exists book CASCADE 
2021-08-17 10:22:49,080 DEBUG org.hibernate.SQL [restartedMain] drop sequence if exists hibernate_sequence
2021-08-17 10:22:49,080 DEBUG org.hibernate.SQL [restartedMain] create sequence hibernate_sequence start with 1 increment by 1
2021-08-17 10:22:49,080 DEBUG org.hibernate.SQL [restartedMain] create table book (id bigint not null, name varchar(255), primary key (id))
2021-08-17 10:22:49,082 INFO org.hibernate.tool.schema.internal.SchemaCreatorImpl [restartedMain] HHH000476: Executing import script 'file:/C:/Users/rezed/git/credit-store-server-1/target/classes/import.sql'
2021-08-17 10:22:49,082 DEBUG org.hibernate.SQL [restartedMain] insert into book values(1, 'The Tartar Steppe')
2021-08-17 10:22:49,083 DEBUG org.hibernate.SQL [restartedMain] insert into book values(2, 'Poem Strip')
2021-08-17 10:22:49,083 DEBUG org.hibernate.SQL [restartedMain] insert into book values(3, 'Restless Nights: Selected Stories of Dino Buzzati')
2021-08-17 10:22:49,083 INFO org.hibernate.engine.transaction.jta.platform.internal.JtaPlatformInitiator [restartedMain] HHH000490: Using JtaPlatform implementation: [org.hibernate.engine.transaction.jta.platform.internal.NoJtaPlatform]
2021-08-17 10:22:49,084 INFO org.springframework.orm.jpa.LocalContainerEntityManagerFactoryBean [restartedMain] Initialized JPA EntityManagerFactory for persistence unit 'default'
2021-08-17 10:22:49,123 INFO org.springframework.boot.devtools.autoconfigure.OptionalLiveReloadServer [restartedMain] LiveReload server is running on port 35729
2021-08-17 10:22:49,210 INFO org.hibernate.engine.internal.StatisticalLoggingSessionEventListener [restartedMain] Session Metrics {
    0 nanoseconds spent acquiring 0 JDBC connections;
    0 nanoseconds spent releasing 0 JDBC connections;
    0 nanoseconds spent preparing 0 JDBC statements;
    0 nanoseconds spent executing 0 JDBC statements;
    0 nanoseconds spent executing 0 JDBC batches;
    0 nanoseconds spent performing 0 L2C puts;
    0 nanoseconds spent performing 0 L2C hits;
    0 nanoseconds spent performing 0 L2C misses;
    0 nanoseconds spent executing 0 flushes (flushing a total of 0 entities and 0 collections);
    0 nanoseconds spent executing 0 partial-flushes (flushing a total of 0 entities and 0 collections)
}
2021-08-17 10:22:49,216 INFO org.hibernate.engine.internal.StatisticalLoggingSessionEventListener [restartedMain] Session Metrics {
    0 nanoseconds spent acquiring 0 JDBC connections;
    0 nanoseconds spent releasing 0 JDBC connections;
    0 nanoseconds spent preparing 0 JDBC statements;
    0 nanoseconds spent executing 0 JDBC statements;
    0 nanoseconds spent executing 0 JDBC batches;
    0 nanoseconds spent performing 0 L2C puts;
    0 nanoseconds spent performing 0 L2C hits;
    0 nanoseconds spent performing 0 L2C misses;
    0 nanoseconds spent executing 0 flushes (flushing a total of 0 entities and 0 collections);
    0 nanoseconds spent executing 0 partial-flushes (flushing a total of 0 entities and 0 collections)
}
2021-08-17 10:22:49,301 WARN org.springframework.boot.autoconfigure.orm.jpa.JpaBaseConfiguration$JpaWebConfiguration [restartedMain] spring.jpa.open-in-view is enabled by default. Therefore, database queries may be performed during view rendering. Explicitly configure spring.jpa.open-in-view to disable this warning
2021-08-17 10:22:49,442 INFO org.springframework.scheduling.concurrent.ThreadPoolTaskExecutor [restartedMain] Initializing ExecutorService 'applicationTaskExecutor'
2021-08-17 10:22:49,545 INFO org.mongodb.driver.cluster [restartedMain] Cluster created with settings {hosts=[localhost:27017], mode=SINGLE, requiredClusterType=UNKNOWN, serverSelectionTimeout='30000 ms'}
2021-08-17 10:22:49,549 INFO org.mongodb.driver.connection [cluster-rtt-ClusterId{value='611b63c9dff45e0bf6bb9d73', description='null'}-localhost:27017] Opened connection [connectionId{localValue:16, serverValue:43}] to localhost:27017
2021-08-17 10:22:49,551 INFO org.mongodb.driver.connection [cluster-ClusterId{value='611b63c9dff45e0bf6bb9d73', description='null'}-localhost:27017] Opened connection [connectionId{localValue:15, serverValue:44}] to localhost:27017
2021-08-17 10:22:49,551 INFO org.mongodb.driver.cluster [cluster-ClusterId{value='611b63c9dff45e0bf6bb9d73', description='null'}-localhost:27017] Monitor thread successfully connected to server with description ServerDescription{address=localhost:27017, type=STANDALONE, state=CONNECTED, ok=true, minWireVersion=0, maxWireVersion=9, maxDocumentSize=16777216, logicalSessionTimeoutMinutes=30, roundTripTimeNanos=1596200}
2021-08-17 10:22:49,694 INFO org.apache.coyote.http11.Http11NioProtocol [restartedMain] Starting ProtocolHandler ["http-nio-8080"]
2021-08-17 10:22:49,699 INFO org.springframework.boot.web.embedded.tomcat.TomcatWebServer [restartedMain] Tomcat started on port(s): 8080 (http) with context path ''
2021-08-17 10:22:49,705 INFO com.example.demo.DemoApplication [restartedMain] Started DemoApplication in 1.464 seconds (JVM running for 709.972)
2021-08-17 10:22:49,707 INFO org.springframework.boot.devtools.autoconfigure.ConditionEvaluationDeltaLoggingListener [restartedMain] Condition evaluation unchanged
2021-08-17 10:22:51,474 INFO org.apache.catalina.core.ContainerBase.[Tomcat].[localhost].[/] [http-nio-8080-exec-2] Initializing Spring DispatcherServlet 'dispatcherServlet'
2021-08-17 10:22:51,474 INFO org.springframework.web.servlet.DispatcherServlet [http-nio-8080-exec-2] Initializing Servlet 'dispatcherServlet'
2021-08-17 10:22:51,475 INFO org.springframework.web.servlet.DispatcherServlet [http-nio-8080-exec-2] Completed initialization in 1 ms
2021-08-17 10:22:54,018 DEBUG com.example.demo.filter.FilterLogger [http-nio-8080-exec-2] GET /books 380d3371-76ba-49e5-8917-4ab106229187
2021-08-17 10:22:55,279 DEBUG org.hibernate.SQL [http-nio-8080-exec-2] select book0_.id as id1_0_, book0_.name as name2_0_ from book book0_
2021-08-17 10:24:23,672 INFO com.example.demo.DemoApplication [restartedMain] Starting DemoApplication using Java 11.0.2 on LAPTOP-25JFQA77 with PID 18008 (C:\Users\rezed\git\credit-store-server-1\target\classes started by rezed in C:\Users\rezed\git\credit-store-server-1)
2021-08-17 10:24:23,677 DEBUG com.example.demo.DemoApplication [restartedMain] Running with Spring Boot v2.4.2, Spring v5.3.3
2021-08-17 10:24:23,678 INFO com.example.demo.DemoApplication [restartedMain] No active profile set, falling back to default profiles: default
2021-08-17 10:24:23,745 INFO org.springframework.boot.devtools.env.DevToolsPropertyDefaultsPostProcessor [restartedMain] Devtools property defaults active! Set 'spring.devtools.add-properties' to 'false' to disable
2021-08-17 10:24:23,746 INFO org.springframework.boot.devtools.env.DevToolsPropertyDefaultsPostProcessor [restartedMain] For additional web related logging consider setting the 'logging.level.web' property to 'DEBUG'
2021-08-17 10:24:24,621 INFO org.springframework.data.repository.config.RepositoryConfigurationDelegate [restartedMain] Multiple Spring Data modules found, entering strict repository configuration mode!
2021-08-17 10:24:24,623 INFO org.springframework.data.repository.config.RepositoryConfigurationDelegate [restartedMain] Bootstrapping Spring Data JPA repositories in DEFAULT mode.
2021-08-17 10:24:24,691 INFO org.springframework.data.repository.config.RepositoryConfigurationDelegate [restartedMain] Finished Spring Data repository scanning in 57 ms. Found 1 JPA repository interfaces.
2021-08-17 10:24:24,723 INFO org.springframework.data.repository.config.RepositoryConfigurationDelegate [restartedMain] Multiple Spring Data modules found, entering strict repository configuration mode!
2021-08-17 10:24:24,724 INFO org.springframework.data.repository.config.RepositoryConfigurationDelegate [restartedMain] Bootstrapping Spring Data MongoDB repositories in DEFAULT mode.
2021-08-17 10:24:24,732 INFO org.springframework.data.repository.config.RepositoryConfigurationExtensionSupport [restartedMain] Spring Data MongoDB - Could not safely identify store assignment for repository candidate interface com.example.demo.repo.BookRepository. If you want this repository to be a MongoDB repository, consider annotating your entities with one of these annotations: org.springframework.data.mongodb.core.mapping.Document (preferred), or consider extending one of the following types with your repository: org.springframework.data.mongodb.repository.MongoRepository.
2021-08-17 10:24:24,732 INFO org.springframework.data.repository.config.RepositoryConfigurationDelegate [restartedMain] Finished Spring Data repository scanning in 8 ms. Found 0 MongoDB repository interfaces.
2021-08-17 10:24:25,685 INFO org.springframework.boot.web.embedded.tomcat.TomcatWebServer [restartedMain] Tomcat initialized with port(s): 8080 (http)
2021-08-17 10:24:25,698 INFO org.apache.coyote.http11.Http11NioProtocol [restartedMain] Initializing ProtocolHandler ["http-nio-8080"]
2021-08-17 10:24:25,699 INFO org.apache.catalina.core.StandardService [restartedMain] Starting service [Tomcat]
2021-08-17 10:24:25,699 INFO org.apache.catalina.core.StandardEngine [restartedMain] Starting Servlet engine: [Apache Tomcat/9.0.41]
2021-08-17 10:24:25,838 INFO org.apache.catalina.core.ContainerBase.[Tomcat].[localhost].[/] [restartedMain] Initializing Spring embedded WebApplicationContext
2021-08-17 10:24:25,838 INFO org.springframework.boot.web.servlet.context.ServletWebServerApplicationContext [restartedMain] Root WebApplicationContext: initialization completed in 2091 ms
2021-08-17 10:24:25,913 INFO com.zaxxer.hikari.HikariDataSource [restartedMain] HikariPool-1 - Starting...
2021-08-17 10:24:26,150 INFO com.zaxxer.hikari.HikariDataSource [restartedMain] HikariPool-1 - Start completed.
2021-08-17 10:24:26,159 INFO org.springframework.boot.autoconfigure.h2.H2ConsoleAutoConfiguration [restartedMain] H2 console available at '/h2-console'. Database available at 'jdbc:h2:mem:testdb'
2021-08-17 10:24:26,424 INFO org.hibernate.jpa.internal.util.LogHelper [restartedMain] HHH000204: Processing PersistenceUnitInfo [name: default]
2021-08-17 10:24:26,500 INFO org.hibernate.Version [restartedMain] HHH000412: Hibernate ORM core version 5.4.27.Final
2021-08-17 10:24:26,681 INFO org.hibernate.annotations.common.Version [restartedMain] HCANN000001: Hibernate Commons Annotations {5.1.2.Final}
2021-08-17 10:24:26,892 INFO org.hibernate.dialect.Dialect [restartedMain] HHH000400: Using dialect: org.hibernate.dialect.H2Dialect
2021-08-17 10:24:27,693 DEBUG org.hibernate.SQL [restartedMain] drop table if exists book CASCADE 
2021-08-17 10:24:27,695 DEBUG org.hibernate.SQL [restartedMain] drop sequence if exists hibernate_sequence
2021-08-17 10:24:27,698 DEBUG org.hibernate.SQL [restartedMain] create sequence hibernate_sequence start with 1 increment by 1
2021-08-17 10:24:27,700 DEBUG org.hibernate.SQL [restartedMain] create table book (id bigint not null, name varchar(255), primary key (id))
2021-08-17 10:24:27,709 INFO org.hibernate.tool.schema.internal.SchemaCreatorImpl [restartedMain] HHH000476: Executing import script 'file:/C:/Users/rezed/git/credit-store-server-1/target/classes/import.sql'
2021-08-17 10:24:27,709 DEBUG org.hibernate.SQL [restartedMain] insert into book values(1, 'The Tartar Steppe')
2021-08-17 10:24:27,710 DEBUG org.hibernate.SQL [restartedMain] insert into book values(2, 'Poem Strip')
2021-08-17 10:24:27,711 DEBUG org.hibernate.SQL [restartedMain] insert into book values(3, 'Restless Nights: Selected Stories of Dino Buzzati')
2021-08-17 10:24:27,713 INFO org.hibernate.engine.transaction.jta.platform.internal.JtaPlatformInitiator [restartedMain] HHH000490: Using JtaPlatform implementation: [org.hibernate.engine.transaction.jta.platform.internal.NoJtaPlatform]
2021-08-17 10:24:27,725 INFO org.springframework.orm.jpa.LocalContainerEntityManagerFactoryBean [restartedMain] Initialized JPA EntityManagerFactory for persistence unit 'default'
2021-08-17 10:24:27,797 INFO org.springframework.boot.devtools.autoconfigure.OptionalLiveReloadServer [restartedMain] LiveReload server is running on port 35729
2021-08-17 10:24:28,068 INFO org.hibernate.engine.internal.StatisticalLoggingSessionEventListener [restartedMain] Session Metrics {
    0 nanoseconds spent acquiring 0 JDBC connections;
    0 nanoseconds spent releasing 0 JDBC connections;
    0 nanoseconds spent preparing 0 JDBC statements;
    0 nanoseconds spent executing 0 JDBC statements;
    0 nanoseconds spent executing 0 JDBC batches;
    0 nanoseconds spent performing 0 L2C puts;
    0 nanoseconds spent performing 0 L2C hits;
    0 nanoseconds spent performing 0 L2C misses;
    0 nanoseconds spent executing 0 flushes (flushing a total of 0 entities and 0 collections);
    0 nanoseconds spent executing 0 partial-flushes (flushing a total of 0 entities and 0 collections)
}
2021-08-17 10:24:28,069 INFO org.hibernate.engine.internal.StatisticalLoggingSessionEventListener [restartedMain] Session Metrics {
    0 nanoseconds spent acquiring 0 JDBC connections;
    0 nanoseconds spent releasing 0 JDBC connections;
    0 nanoseconds spent preparing 0 JDBC statements;
    0 nanoseconds spent executing 0 JDBC statements;
    0 nanoseconds spent executing 0 JDBC batches;
    0 nanoseconds spent performing 0 L2C puts;
    0 nanoseconds spent performing 0 L2C hits;
    0 nanoseconds spent performing 0 L2C misses;
    0 nanoseconds spent executing 0 flushes (flushing a total of 0 entities and 0 collections);
    0 nanoseconds spent executing 0 partial-flushes (flushing a total of 0 entities and 0 collections)
}
2021-08-17 10:24:28,120 INFO org.hibernate.engine.internal.StatisticalLoggingSessionEventListener [restartedMain] Session Metrics {
    0 nanoseconds spent acquiring 0 JDBC connections;
    0 nanoseconds spent releasing 0 JDBC connections;
    0 nanoseconds spent preparing 0 JDBC statements;
    0 nanoseconds spent executing 0 JDBC statements;
    0 nanoseconds spent executing 0 JDBC batches;
    0 nanoseconds spent performing 0 L2C puts;
    0 nanoseconds spent performing 0 L2C hits;
    0 nanoseconds spent performing 0 L2C misses;
    0 nanoseconds spent executing 0 flushes (flushing a total of 0 entities and 0 collections);
    0 nanoseconds spent executing 0 partial-flushes (flushing a total of 0 entities and 0 collections)
}
2021-08-17 10:24:28,290 WARN org.springframework.boot.autoconfigure.orm.jpa.JpaBaseConfiguration$JpaWebConfiguration [restartedMain] spring.jpa.open-in-view is enabled by default. Therefore, database queries may be performed during view rendering. Explicitly configure spring.jpa.open-in-view to disable this warning
2021-08-17 10:24:28,491 INFO org.springframework.scheduling.concurrent.ThreadPoolTaskExecutor [restartedMain] Initializing ExecutorService 'applicationTaskExecutor'
2021-08-17 10:24:28,820 INFO org.mongodb.driver.cluster [restartedMain] Cluster created with settings {hosts=[localhost:27017], mode=SINGLE, requiredClusterType=UNKNOWN, serverSelectionTimeout='30000 ms'}
2021-08-17 10:24:28,901 INFO org.mongodb.driver.connection [cluster-ClusterId{value='611b642c2e5c106cfc98497e', description='null'}-localhost:27017] Opened connection [connectionId{localValue:1, serverValue:46}] to localhost:27017
2021-08-17 10:24:28,901 INFO org.mongodb.driver.connection [cluster-rtt-ClusterId{value='611b642c2e5c106cfc98497e', description='null'}-localhost:27017] Opened connection [connectionId{localValue:2, serverValue:45}] to localhost:27017
2021-08-17 10:24:28,904 INFO org.mongodb.driver.cluster [cluster-ClusterId{value='611b642c2e5c106cfc98497e', description='null'}-localhost:27017] Monitor thread successfully connected to server with description ServerDescription{address=localhost:27017, type=STANDALONE, state=CONNECTED, ok=true, minWireVersion=0, maxWireVersion=9, maxDocumentSize=16777216, logicalSessionTimeoutMinutes=30, roundTripTimeNanos=24060900}
2021-08-17 10:24:29,264 INFO org.apache.coyote.http11.Http11NioProtocol [restartedMain] Starting ProtocolHandler ["http-nio-8080"]
2021-08-17 10:24:29,294 INFO org.springframework.boot.web.embedded.tomcat.TomcatWebServer [restartedMain] Tomcat started on port(s): 8080 (http) with context path ''
2021-08-17 10:24:29,309 INFO com.example.demo.DemoApplication [restartedMain] Started DemoApplication in 6.1 seconds (JVM running for 7.692)
2021-08-17 10:27:23,525 INFO org.springframework.boot.admin.SpringApplicationAdminMXBeanRegistrar$SpringApplicationAdmin [RMI TCP Connection(10)-127.0.0.1] Application shutdown requested.
2021-08-17 10:27:23,821 INFO org.springframework.scheduling.concurrent.ThreadPoolTaskExecutor [RMI TCP Connection(10)-127.0.0.1] Shutting down ExecutorService 'applicationTaskExecutor'
2021-08-17 10:27:23,822 INFO org.springframework.orm.jpa.LocalContainerEntityManagerFactoryBean [RMI TCP Connection(10)-127.0.0.1] Closing JPA EntityManagerFactory for persistence unit 'default'
2021-08-17 10:27:23,823 INFO org.hibernate.tool.schema.internal.SchemaDropperImpl$DelayedDropActionImpl [RMI TCP Connection(10)-127.0.0.1] HHH000477: Starting delayed evictData of schema as part of SessionFactory shut-down'
2021-08-17 10:27:23,824 DEBUG org.hibernate.SQL [RMI TCP Connection(10)-127.0.0.1] drop table if exists book CASCADE 
2021-08-17 10:27:23,831 DEBUG org.hibernate.SQL [RMI TCP Connection(10)-127.0.0.1] drop sequence if exists hibernate_sequence
2021-08-17 10:27:24,066 WARN org.springframework.beans.factory.support.DisposableBeanAdapter [RMI TCP Connection(10)-127.0.0.1] Invocation of destroy method failed on bean with name 'inMemoryDatabaseShutdownExecutor': org.h2.jdbc.JdbcSQLNonTransientConnectionException: Database is already closed (to disable automatic closing at VM shutdown, add ";DB_CLOSE_ON_EXIT=FALSE" to the db URL) [90121-200]
2021-08-17 10:27:24,068 INFO com.zaxxer.hikari.HikariDataSource [RMI TCP Connection(10)-127.0.0.1] HikariPool-1 - Shutdown initiated...
2021-08-17 10:27:24,078 INFO com.zaxxer.hikari.HikariDataSource [RMI TCP Connection(10)-127.0.0.1] HikariPool-1 - Shutdown completed.
